<?xml version="1.0" encoding="UTF-8" ?>
<testsuite errors="0" failures="0" hostname="LAPTOP-1S7GE2O6" name="RouteNodeTest" skipped="0" tests="7" time="0.235" timestamp="2019-12-06T19:02:39">
  <properties>
[...]
</properties>
  <testcase classname="RouteNodeTest" name="RouteNode" time="0.008" />
  <testcase classname="RouteNodeTest" name="routeNodeCostAfterNodeTest" time="0.001" />
  <testcase classname="RouteNodeTest" name="unknownRouteNodeCompareToTest" time="0.0" />
  <testcase classname="RouteNodeTest" name="routeNodeCompareToUnknownTest" time="0.0" />
  <testcase classname="RouteNodeTest" name="routeNodeCompareToEqualTest" time="0.0" />
  <testcase classname="RouteNodeTest" name="RouteNodeIsCostToNodeKnownTest" time="0.0" />
  <testcase classname="RouteNodeTest" name="routeNodeCompareToTest" time="0.0" />
  <system-out><![CDATA[]]></system-out>
  <system-err><![CDATA[]]></system-err>
</testsuite>
